2024-11-07 17:36:57 INFO  w.gatherMind.GatherMindApplication - Starting GatherMindApplication using Java 17.0.11 with PID 30188 (D:\study\240717_bootcamp\teamproject\backend\gatherMind\build\classes\java\main started by tnghk in D:\study\240717_bootcamp\teamproject\backend\gatherMind)
2024-11-07 17:36:57 DEBUG w.gatherMind.GatherMindApplication - Running with Spring Boot v3.3.5, Spring v6.1.14
2024-11-07 17:36:57 INFO  w.gatherMind.GatherMindApplication - No active profile set, falling back to 1 default profile: "default"
2024-11-07 17:36:57 INFO  o.s.b.d.e.DevToolsPropertyDefaultsPostProcessor - Devtools property defaults active! Set 'spring.devtools.add-properties' to 'false' to disable
2024-11-07 17:36:57 INFO  o.s.b.d.e.DevToolsPropertyDefaultsPostProcessor - For additional web related logging consider setting the 'logging.level.web' property to 'DEBUG'
2024-11-07 17:36:58 INFO  o.s.d.r.c.RepositoryConfigurationDelegate - Bootstrapping Spring Data JPA repositories in DEFAULT mode.
2024-11-07 17:36:58 INFO  o.s.d.r.c.RepositoryConfigurationDelegate - Finished Spring Data repository scanning in 64 ms. Found 5 JPA repository interfaces.
2024-11-07 17:36:59 INFO  o.s.b.w.e.tomcat.TomcatWebServer - Tomcat initialized with port 8080 (http)
2024-11-07 17:36:59 INFO  o.a.c.core.AprLifecycleListener - Loaded Apache Tomcat Native library [2.0.8] using APR version [1.7.4].
2024-11-07 17:36:59 INFO  o.a.c.core.AprLifecycleListener - OpenSSL successfully initialized [OpenSSL 3.0.14 4 Jun 2024]
2024-11-07 17:36:59 INFO  o.a.coyote.http11.Http11NioProtocol - Initializing ProtocolHandler ["http-nio-8080"]
2024-11-07 17:36:59 INFO  o.a.catalina.core.StandardService - Starting service [Tomcat]
2024-11-07 17:36:59 INFO  o.a.catalina.core.StandardEngine - Starting Servlet engine: [Apache Tomcat/10.1.31]
2024-11-07 17:37:00 INFO  o.a.c.c.C.[Tomcat].[localhost].[/] - Initializing Spring embedded WebApplicationContext
2024-11-07 17:37:00 INFO  o.s.b.w.s.c.ServletWebServerApplicationContext - Root WebApplicationContext: initialization completed in 2193 ms
2024-11-07 17:37:00 INFO  com.zaxxer.hikari.HikariDataSource - HikariPool-1 - Starting...
2024-11-07 17:37:00 INFO  com.zaxxer.hikari.pool.HikariPool - HikariPool-1 - Added connection conn0: url=jdbc:h2:mem:testdb user=SA
2024-11-07 17:37:00 INFO  com.zaxxer.hikari.HikariDataSource - HikariPool-1 - Start completed.
2024-11-07 17:37:00 INFO  o.s.b.a.h.H2ConsoleAutoConfiguration - H2 console available at '/h2-console'. Database available at 'jdbc:h2:mem:testdb'
2024-11-07 17:37:00 INFO  o.h.jpa.internal.util.LogHelper - HHH000204: Processing PersistenceUnitInfo [name: default]
2024-11-07 17:37:00 INFO  org.hibernate.Version - HHH000412: Hibernate ORM core version 6.5.3.Final
2024-11-07 17:37:00 INFO  o.h.c.i.RegionFactoryInitiator - HHH000026: Second-level cache disabled
2024-11-07 17:37:01 INFO  o.s.o.j.p.SpringPersistenceUnitInfo - No LoadTimeWeaver setup: ignoring JPA class transformer
2024-11-07 17:37:02 INFO  o.h.e.t.j.p.i.JtaPlatformInitiator - HHH000489: No JTA platform available (set 'hibernate.transaction.jta.platform' to enable JTA platform integration)
2024-11-07 17:37:02 INFO  o.s.o.j.LocalContainerEntityManagerFactoryBean - Initialized JPA EntityManagerFactory for persistence unit 'default'
2024-11-07 17:37:03 INFO  o.s.d.j.r.query.QueryEnhancerFactory - Hibernate is in classpath; If applicable, HQL parser will be used.
2024-11-07 17:37:04 WARN  o.s.b.a.o.j.JpaBaseConfiguration$JpaWebConfiguration - spring.jpa.open-in-view is enabled by default. Therefore, database queries may be performed during view rendering. Explicitly configure spring.jpa.open-in-view to disable this warning
2024-11-07 17:37:05 INFO  o.s.b.d.a.OptionalLiveReloadServer - LiveReload server is running on port 35729
2024-11-07 17:37:05 INFO  o.a.coyote.http11.Http11NioProtocol - Starting ProtocolHandler ["http-nio-8080"]
2024-11-07 17:37:05 INFO  o.s.b.w.e.tomcat.TomcatWebServer - Tomcat started on port 8080 (http) with context path '/'
2024-11-07 17:37:05 INFO  w.gatherMind.GatherMindApplication - Started GatherMindApplication in 8.402 seconds (process running for 8.781)
2024-11-07 17:37:56 INFO  o.a.c.c.C.[Tomcat].[localhost].[/] - Initializing Spring DispatcherServlet 'dispatcherServlet'
2024-11-07 17:37:56 INFO  o.s.web.servlet.DispatcherServlet - Initializing Servlet 'dispatcherServlet'
2024-11-07 17:37:56 INFO  o.s.web.servlet.DispatcherServlet - Completed initialization in 0 ms
2024-11-07 17:37:56 INFO  w.gatherMind.aop.LoggingAspect - Starting method: createStudy
2024-11-07 17:37:56 INFO  w.gatherMind.aop.LoggingAspect - Completed method : createStudy in 79 ms
2024-11-07 17:38:11 INFO  w.gatherMind.aop.LoggingAspect - Starting method: getStudyInfoWithMembers
2024-11-07 17:38:11 INFO  w.gatherMind.aop.LoggingAspect - Starting method: getMemberAndRoleByMemberId
2024-11-07 17:38:11 ERROR w.gatherMind.aop.LoggingAspect - Exception in method : getMemberAndRoleByMemberId with message : Query did not return a unique result: 2 results were returned
2024-11-07 17:38:11 ERROR o.a.c.c.C.[.[.[.[dispatcherServlet] - Servlet.service() for servlet [dispatcherServlet] in context with path [] threw exception [Request processing failed: org.springframework.dao.IncorrectResultSizeDataAccessException: Query did not return a unique result: 2 results were returned] with root cause
org.hibernate.NonUniqueResultException: Query did not return a unique result: 2 results were returned
	at org.hibernate.query.spi.AbstractSelectionQuery.uniqueElement(AbstractSelectionQuery.java:578)
	at org.hibernate.query.spi.AbstractSelectionQuery.getSingleResult(AbstractSelectionQuery.java:561)
	at org.springframework.data.jpa.repository.query.JpaQueryExecution$SingleEntityExecution.doExecute(JpaQueryExecution.java:223)
	at org.springframework.data.jpa.repository.query.JpaQueryExecution.execute(JpaQueryExecution.java:92)
	at org.springframework.data.jpa.repository.query.AbstractJpaQuery.doExecute(AbstractJpaQuery.java:152)
	at org.springframework.data.jpa.repository.query.AbstractJpaQuery.execute(AbstractJpaQuery.java:140)
	at org.springframework.data.repository.core.support.RepositoryMethodInvoker.doInvoke(RepositoryMethodInvoker.java:170)
	at org.springframework.data.repository.core.support.RepositoryMethodInvoker.invoke(RepositoryMethodInvoker.java:158)
	at org.springframework.data.repository.core.support.QueryExecutorMethodInterceptor.doInvoke(QueryExecutorMethodInterceptor.java:169)
	at org.springframework.data.repository.core.support.QueryExecutorMethodInterceptor.invoke(QueryExecutorMethodInterceptor.java:148)
	at org.springframework.aop.framework.ReflectiveMethodInvocation.proceed(ReflectiveMethodInvocation.java:184)
	at org.springframework.data.projection.DefaultMethodInvokingMethodInterceptor.invoke(DefaultMethodInvokingMethodInterceptor.java:70)
	at org.springframework.aop.framework.ReflectiveMethodInvocation.proceed(ReflectiveMethodInvocation.java:184)
	at org.springframework.transaction.interceptor.TransactionAspectSupport.invokeWithinTransaction(TransactionAspectSupport.java:379)
	at org.springframework.transaction.interceptor.TransactionInterceptor.invoke(TransactionInterceptor.java:119)
	at org.springframework.aop.framework.ReflectiveMethodInvocation.proceed(ReflectiveMethodInvocation.java:184)
	at org.springframework.dao.support.PersistenceExceptionTranslationInterceptor.invoke(PersistenceExceptionTranslationInterceptor.java:138)
	at org.springframework.aop.framework.ReflectiveMethodInvocation.proceed(ReflectiveMethodInvocation.java:184)
	at org.springframework.data.jpa.repository.support.CrudMethodMetadataPostProcessor$CrudMethodMetadataPopulatingMethodInterceptor.invoke(CrudMethodMetadataPostProcessor.java:136)
	at org.springframework.aop.framework.ReflectiveMethodInvocation.proceed(ReflectiveMethodInvocation.java:184)
	at org.springframework.aop.interceptor.ExposeInvocationInterceptor.invoke(ExposeInvocationInterceptor.java:97)
	at org.springframework.aop.framework.ReflectiveMethodInvocation.proceed(ReflectiveMethodInvocation.java:184)
	at org.springframework.aop.framework.JdkDynamicAopProxy.invoke(JdkDynamicAopProxy.java:223)
	at jdk.proxy4/jdk.proxy4.$Proxy142.findMemberAndRoleByMemberId(Unknown Source)
	at woongjin.gatherMind.service.MemberService.getMemberAndRoleByMemberId(MemberService.java:18)
	at java.base/jdk.internal.reflect.NativeMethodAccessorImpl.invoke0(Native Method)
	at java.base/jdk.internal.reflect.NativeMethodAccessorImpl.invoke(NativeMethodAccessorImpl.java:77)
	at java.base/jdk.internal.reflect.DelegatingMethodAccessorImpl.invoke(DelegatingMethodAccessorImpl.java:43)
	at java.base/java.lang.reflect.Method.invoke(Method.java:568)
	at org.springframework.aop.support.AopUtils.invokeJoinpointUsingReflection(AopUtils.java:355)
	at org.springframework.aop.framework.ReflectiveMethodInvocation.invokeJoinpoint(ReflectiveMethodInvocation.java:196)
	at org.springframework.aop.framework.ReflectiveMethodInvocation.proceed(ReflectiveMethodInvocation.java:163)
	at org.springframework.aop.framework.CglibAopProxy$CglibMethodInvocation.proceed(CglibAopProxy.java:768)
	at org.springframework.aop.aspectj.MethodInvocationProceedingJoinPoint.proceed(MethodInvocationProceedingJoinPoint.java:89)
	at woongjin.gatherMind.aop.LoggingAspect.logExecutionTime(LoggingAspect.java:29)
	at java.base/jdk.internal.reflect.NativeMethodAccessorImpl.invoke0(Native Method)
	at java.base/jdk.internal.reflect.NativeMethodAccessorImpl.invoke(NativeMethodAccessorImpl.java:77)
	at java.base/jdk.internal.reflect.DelegatingMethodAccessorImpl.invoke(DelegatingMethodAccessorImpl.java:43)
	at java.base/java.lang.reflect.Method.invoke(Method.java:568)
	at org.springframework.aop.aspectj.AbstractAspectJAdvice.invokeAdviceMethodWithGivenArgs(AbstractAspectJAdvice.java:637)
	at org.springframework.aop.aspectj.AbstractAspectJAdvice.invokeAdviceMethod(AbstractAspectJAdvice.java:627)
	at org.springframework.aop.aspectj.AspectJAroundAdvice.invoke(AspectJAroundAdvice.java:71)
	at org.springframework.aop.framework.ReflectiveMethodInvocation.proceed(ReflectiveMethodInvocation.java:184)
	at org.springframework.aop.framework.CglibAopProxy$CglibMethodInvocation.proceed(CglibAopProxy.java:768)
	at org.springframework.aop.interceptor.ExposeInvocationInterceptor.invoke(ExposeInvocationInterceptor.java:97)
	at org.springframework.aop.framework.ReflectiveMethodInvocation.proceed(ReflectiveMethodInvocation.java:184)
	at org.springframework.aop.framework.CglibAopProxy$CglibMethodInvocation.proceed(CglibAopProxy.java:768)
	at org.springframework.aop.framework.CglibAopProxy$DynamicAdvisedInterceptor.intercept(CglibAopProxy.java:720)
	at woongjin.gatherMind.service.MemberService$$SpringCGLIB$$0.getMemberAndRoleByMemberId(<generated>)
	at woongjin.gatherMind.controller.MemberController.getMemberAndRoleByMemberId(MemberController.java:23)
	at java.base/jdk.internal.reflect.NativeMethodAccessorImpl.invoke0(Native Method)
	at java.base/jdk.internal.reflect.NativeMethodAccessorImpl.invoke(NativeMethodAccessorImpl.java:77)
	at java.base/jdk.internal.reflect.DelegatingMethodAccessorImpl.invoke(DelegatingMethodAccessorImpl.java:43)
	at java.base/java.lang.reflect.Method.invoke(Method.java:568)
	at org.springframework.web.method.support.InvocableHandlerMethod.doInvoke(InvocableHandlerMethod.java:255)
	at org.springframework.web.method.support.InvocableHandlerMethod.invokeForRequest(InvocableHandlerMethod.java:188)
	at org.springframework.web.servlet.mvc.method.annotation.ServletInvocableHandlerMethod.invokeAndHandle(ServletInvocableHandlerMethod.java:118)
	at org.springframework.web.servlet.mvc.method.annotation.RequestMappingHandlerAdapter.invokeHandlerMethod(RequestMappingHandlerAdapter.java:926)
	at org.springframework.web.servlet.mvc.method.annotation.RequestMappingHandlerAdapter.handleInternal(RequestMappingHandlerAdapter.java:831)
	at org.springframework.web.servlet.mvc.method.AbstractHandlerMethodAdapter.handle(AbstractHandlerMethodAdapter.java:87)
	at org.springframework.web.servlet.DispatcherServlet.doDispatch(DispatcherServlet.java:1089)
	at org.springframework.web.servlet.DispatcherServlet.doService(DispatcherServlet.java:979)
	at org.springframework.web.servlet.FrameworkServlet.processRequest(FrameworkServlet.java:1014)
	at org.springframework.web.servlet.FrameworkServlet.doGet(FrameworkServlet.java:903)
	at jakarta.servlet.http.HttpServlet.service(HttpServlet.java:564)
	at org.springframework.web.servlet.FrameworkServlet.service(FrameworkServlet.java:885)
	at jakarta.servlet.http.HttpServlet.service(HttpServlet.java:658)
	at org.apache.catalina.core.ApplicationFilterChain.internalDoFilter(ApplicationFilterChain.java:195)
	at org.apache.catalina.core.ApplicationFilterChain.doFilter(ApplicationFilterChain.java:140)
	at org.apache.tomcat.websocket.server.WsFilter.doFilter(WsFilter.java:51)
	at org.apache.catalina.core.ApplicationFilterChain.internalDoFilter(ApplicationFilterChain.java:164)
	at org.apache.catalina.core.ApplicationFilterChain.doFilter(ApplicationFilterChain.java:140)
	at org.springframework.web.filter.RequestContextFilter.doFilterInternal(RequestContextFilter.java:100)
	at org.springframework.web.filter.OncePerRequestFilter.doFilter(OncePerRequestFilter.java:116)
	at org.apache.catalina.core.ApplicationFilterChain.internalDoFilter(ApplicationFilterChain.java:164)
	at org.apache.catalina.core.ApplicationFilterChain.doFilter(ApplicationFilterChain.java:140)
	at org.springframework.web.filter.FormContentFilter.doFilterInternal(FormContentFilter.java:93)
	at org.springframework.web.filter.OncePerRequestFilter.doFilter(OncePerRequestFilter.java:116)
	at org.apache.catalina.core.ApplicationFilterChain.internalDoFilter(ApplicationFilterChain.java:164)
	at org.apache.catalina.core.ApplicationFilterChain.doFilter(ApplicationFilterChain.java:140)
	at org.springframework.web.filter.CharacterEncodingFilter.doFilterInternal(CharacterEncodingFilter.java:201)
	at org.springframework.web.filter.OncePerRequestFilter.doFilter(OncePerRequestFilter.java:116)
	at org.apache.catalina.core.ApplicationFilterChain.internalDoFilter(ApplicationFilterChain.java:164)
	at org.apache.catalina.core.ApplicationFilterChain.doFilter(ApplicationFilterChain.java:140)
	at org.apache.catalina.core.StandardWrapperValve.invoke(StandardWrapperValve.java:167)
	at org.apache.catalina.core.StandardContextValve.invoke(StandardContextValve.java:90)
	at org.apache.catalina.authenticator.AuthenticatorBase.invoke(AuthenticatorBase.java:483)
	at org.apache.catalina.core.StandardHostValve.invoke(StandardHostValve.java:115)
	at org.apache.catalina.valves.ErrorReportValve.invoke(ErrorReportValve.java:93)
	at org.apache.catalina.core.StandardEngineValve.invoke(StandardEngineValve.java:74)
	at org.apache.catalina.connector.CoyoteAdapter.service(CoyoteAdapter.java:344)
	at org.apache.coyote.http11.Http11Processor.service(Http11Processor.java:384)
	at org.apache.coyote.AbstractProcessorLight.process(AbstractProcessorLight.java:63)
	at org.apache.coyote.AbstractProtocol$ConnectionHandler.process(AbstractProtocol.java:905)
	at org.apache.tomcat.util.net.NioEndpoint$SocketProcessor.doRun(NioEndpoint.java:1741)
	at org.apache.tomcat.util.net.SocketProcessorBase.run(SocketProcessorBase.java:52)
	at org.apache.tomcat.util.threads.ThreadPoolExecutor.runWorker(ThreadPoolExecutor.java:1190)
	at org.apache.tomcat.util.threads.ThreadPoolExecutor$Worker.run(ThreadPoolExecutor.java:659)
	at org.apache.tomcat.util.threads.TaskThread$WrappingRunnable.run(TaskThread.java:63)
	at java.base/java.lang.Thread.run(Thread.java:842)
2024-11-07 17:38:11 INFO  w.gatherMind.aop.LoggingAspect - Completed method : getStudyInfoWithMembers in 91 ms
2024-11-07 17:38:11 INFO  w.gatherMind.aop.LoggingAspect - Starting method: getMemberAndRoleByMemberId
2024-11-07 17:38:11 ERROR w.gatherMind.aop.LoggingAspect - Exception in method : getMemberAndRoleByMemberId with message : Query did not return a unique result: 2 results were returned
2024-11-07 17:38:11 ERROR o.a.c.c.C.[.[.[.[dispatcherServlet] - Servlet.service() for servlet [dispatcherServlet] in context with path [] threw exception [Request processing failed: org.springframework.dao.IncorrectResultSizeDataAccessException: Query did not return a unique result: 2 results were returned] with root cause
org.hibernate.NonUniqueResultException: Query did not return a unique result: 2 results were returned
	at org.hibernate.query.spi.AbstractSelectionQuery.uniqueElement(AbstractSelectionQuery.java:578)
	at org.hibernate.query.spi.AbstractSelectionQuery.getSingleResult(AbstractSelectionQuery.java:561)
	at org.springframework.data.jpa.repository.query.JpaQueryExecution$SingleEntityExecution.doExecute(JpaQueryExecution.java:223)
	at org.springframework.data.jpa.repository.query.JpaQueryExecution.execute(JpaQueryExecution.java:92)
	at org.springframework.data.jpa.repository.query.AbstractJpaQuery.doExecute(AbstractJpaQuery.java:152)
	at org.springframework.data.jpa.repository.query.AbstractJpaQuery.execute(AbstractJpaQuery.java:140)
	at org.springframework.data.repository.core.support.RepositoryMethodInvoker.doInvoke(RepositoryMethodInvoker.java:170)
	at org.springframework.data.repository.core.support.RepositoryMethodInvoker.invoke(RepositoryMethodInvoker.java:158)
	at org.springframework.data.repository.core.support.QueryExecutorMethodInterceptor.doInvoke(QueryExecutorMethodInterceptor.java:169)
	at org.springframework.data.repository.core.support.QueryExecutorMethodInterceptor.invoke(QueryExecutorMethodInterceptor.java:148)
	at org.springframework.aop.framework.ReflectiveMethodInvocation.proceed(ReflectiveMethodInvocation.java:184)
	at org.springframework.data.projection.DefaultMethodInvokingMethodInterceptor.invoke(DefaultMethodInvokingMethodInterceptor.java:70)
	at org.springframework.aop.framework.ReflectiveMethodInvocation.proceed(ReflectiveMethodInvocation.java:184)
	at org.springframework.transaction.interceptor.TransactionAspectSupport.invokeWithinTransaction(TransactionAspectSupport.java:379)
	at org.springframework.transaction.interceptor.TransactionInterceptor.invoke(TransactionInterceptor.java:119)
	at org.springframework.aop.framework.ReflectiveMethodInvocation.proceed(ReflectiveMethodInvocation.java:184)
	at org.springframework.dao.support.PersistenceExceptionTranslationInterceptor.invoke(PersistenceExceptionTranslationInterceptor.java:138)
	at org.springframework.aop.framework.ReflectiveMethodInvocation.proceed(ReflectiveMethodInvocation.java:184)
	at org.springframework.data.jpa.repository.support.CrudMethodMetadataPostProcessor$CrudMethodMetadataPopulatingMethodInterceptor.invoke(CrudMethodMetadataPostProcessor.java:136)
	at org.springframework.aop.framework.ReflectiveMethodInvocation.proceed(ReflectiveMethodInvocation.java:184)
	at org.springframework.aop.interceptor.ExposeInvocationInterceptor.invoke(ExposeInvocationInterceptor.java:97)
	at org.springframework.aop.framework.ReflectiveMethodInvocation.proceed(ReflectiveMethodInvocation.java:184)
	at org.springframework.aop.framework.JdkDynamicAopProxy.invoke(JdkDynamicAopProxy.java:223)
	at jdk.proxy4/jdk.proxy4.$Proxy142.findMemberAndRoleByMemberId(Unknown Source)
	at woongjin.gatherMind.service.MemberService.getMemberAndRoleByMemberId(MemberService.java:18)
	at java.base/jdk.internal.reflect.NativeMethodAccessorImpl.invoke0(Native Method)
	at java.base/jdk.internal.reflect.NativeMethodAccessorImpl.invoke(NativeMethodAccessorImpl.java:77)
	at java.base/jdk.internal.reflect.DelegatingMethodAccessorImpl.invoke(DelegatingMethodAccessorImpl.java:43)
	at java.base/java.lang.reflect.Method.invoke(Method.java:568)
	at org.springframework.aop.support.AopUtils.invokeJoinpointUsingReflection(AopUtils.java:355)
	at org.springframework.aop.framework.ReflectiveMethodInvocation.invokeJoinpoint(ReflectiveMethodInvocation.java:196)
	at org.springframework.aop.framework.ReflectiveMethodInvocation.proceed(ReflectiveMethodInvocation.java:163)
	at org.springframework.aop.framework.CglibAopProxy$CglibMethodInvocation.proceed(CglibAopProxy.java:768)
	at org.springframework.aop.aspectj.MethodInvocationProceedingJoinPoint.proceed(MethodInvocationProceedingJoinPoint.java:89)
	at woongjin.gatherMind.aop.LoggingAspect.logExecutionTime(LoggingAspect.java:29)
	at java.base/jdk.internal.reflect.NativeMethodAccessorImpl.invoke0(Native Method)
	at java.base/jdk.internal.reflect.NativeMethodAccessorImpl.invoke(NativeMethodAccessorImpl.java:77)
	at java.base/jdk.internal.reflect.DelegatingMethodAccessorImpl.invoke(DelegatingMethodAccessorImpl.java:43)
	at java.base/java.lang.reflect.Method.invoke(Method.java:568)
	at org.springframework.aop.aspectj.AbstractAspectJAdvice.invokeAdviceMethodWithGivenArgs(AbstractAspectJAdvice.java:637)
	at org.springframework.aop.aspectj.AbstractAspectJAdvice.invokeAdviceMethod(AbstractAspectJAdvice.java:627)
	at org.springframework.aop.aspectj.AspectJAroundAdvice.invoke(AspectJAroundAdvice.java:71)
	at org.springframework.aop.framework.ReflectiveMethodInvocation.proceed(ReflectiveMethodInvocation.java:184)
	at org.springframework.aop.framework.CglibAopProxy$CglibMethodInvocation.proceed(CglibAopProxy.java:768)
	at org.springframework.aop.interceptor.ExposeInvocationInterceptor.invoke(ExposeInvocationInterceptor.java:97)
	at org.springframework.aop.framework.ReflectiveMethodInvocation.proceed(ReflectiveMethodInvocation.java:184)
	at org.springframework.aop.framework.CglibAopProxy$CglibMethodInvocation.proceed(CglibAopProxy.java:768)
	at org.springframework.aop.framework.CglibAopProxy$DynamicAdvisedInterceptor.intercept(CglibAopProxy.java:720)
	at woongjin.gatherMind.service.MemberService$$SpringCGLIB$$0.getMemberAndRoleByMemberId(<generated>)
	at woongjin.gatherMind.controller.MemberController.getMemberAndRoleByMemberId(MemberController.java:23)
	at java.base/jdk.internal.reflect.NativeMethodAccessorImpl.invoke0(Native Method)
	at java.base/jdk.internal.reflect.NativeMethodAccessorImpl.invoke(NativeMethodAccessorImpl.java:77)
	at java.base/jdk.internal.reflect.DelegatingMethodAccessorImpl.invoke(DelegatingMethodAccessorImpl.java:43)
	at java.base/java.lang.reflect.Method.invoke(Method.java:568)
	at org.springframework.web.method.support.InvocableHandlerMethod.doInvoke(InvocableHandlerMethod.java:255)
	at org.springframework.web.method.support.InvocableHandlerMethod.invokeForRequest(InvocableHandlerMethod.java:188)
	at org.springframework.web.servlet.mvc.method.annotation.ServletInvocableHandlerMethod.invokeAndHandle(ServletInvocableHandlerMethod.java:118)
	at org.springframework.web.servlet.mvc.method.annotation.RequestMappingHandlerAdapter.invokeHandlerMethod(RequestMappingHandlerAdapter.java:926)
	at org.springframework.web.servlet.mvc.method.annotation.RequestMappingHandlerAdapter.handleInternal(RequestMappingHandlerAdapter.java:831)
	at org.springframework.web.servlet.mvc.method.AbstractHandlerMethodAdapter.handle(AbstractHandlerMethodAdapter.java:87)
	at org.springframework.web.servlet.DispatcherServlet.doDispatch(DispatcherServlet.java:1089)
	at org.springframework.web.servlet.DispatcherServlet.doService(DispatcherServlet.java:979)
	at org.springframework.web.servlet.FrameworkServlet.processRequest(FrameworkServlet.java:1014)
	at org.springframework.web.servlet.FrameworkServlet.doGet(FrameworkServlet.java:903)
	at jakarta.servlet.http.HttpServlet.service(HttpServlet.java:564)
	at org.springframework.web.servlet.FrameworkServlet.service(FrameworkServlet.java:885)
	at jakarta.servlet.http.HttpServlet.service(HttpServlet.java:658)
	at org.apache.catalina.core.ApplicationFilterChain.internalDoFilter(ApplicationFilterChain.java:195)
	at org.apache.catalina.core.ApplicationFilterChain.doFilter(ApplicationFilterChain.java:140)
	at org.apache.tomcat.websocket.server.WsFilter.doFilter(WsFilter.java:51)
	at org.apache.catalina.core.ApplicationFilterChain.internalDoFilter(ApplicationFilterChain.java:164)
	at org.apache.catalina.core.ApplicationFilterChain.doFilter(ApplicationFilterChain.java:140)
	at org.springframework.web.filter.RequestContextFilter.doFilterInternal(RequestContextFilter.java:100)
	at org.springframework.web.filter.OncePerRequestFilter.doFilter(OncePerRequestFilter.java:116)
	at org.apache.catalina.core.ApplicationFilterChain.internalDoFilter(ApplicationFilterChain.java:164)
	at org.apache.catalina.core.ApplicationFilterChain.doFilter(ApplicationFilterChain.java:140)
	at org.springframework.web.filter.FormContentFilter.doFilterInternal(FormContentFilter.java:93)
	at org.springframework.web.filter.OncePerRequestFilter.doFilter(OncePerRequestFilter.java:116)
	at org.apache.catalina.core.ApplicationFilterChain.internalDoFilter(ApplicationFilterChain.java:164)
	at org.apache.catalina.core.ApplicationFilterChain.doFilter(ApplicationFilterChain.java:140)
	at org.springframework.web.filter.CharacterEncodingFilter.doFilterInternal(CharacterEncodingFilter.java:201)
	at org.springframework.web.filter.OncePerRequestFilter.doFilter(OncePerRequestFilter.java:116)
	at org.apache.catalina.core.ApplicationFilterChain.internalDoFilter(ApplicationFilterChain.java:164)
	at org.apache.catalina.core.ApplicationFilterChain.doFilter(ApplicationFilterChain.java:140)
	at org.apache.catalina.core.StandardWrapperValve.invoke(StandardWrapperValve.java:167)
	at org.apache.catalina.core.StandardContextValve.invoke(StandardContextValve.java:90)
	at org.apache.catalina.authenticator.AuthenticatorBase.invoke(AuthenticatorBase.java:483)
	at org.apache.catalina.core.StandardHostValve.invoke(StandardHostValve.java:115)
	at org.apache.catalina.valves.ErrorReportValve.invoke(ErrorReportValve.java:93)
	at org.apache.catalina.core.StandardEngineValve.invoke(StandardEngineValve.java:74)
	at org.apache.catalina.connector.CoyoteAdapter.service(CoyoteAdapter.java:344)
	at org.apache.coyote.http11.Http11Processor.service(Http11Processor.java:384)
	at org.apache.coyote.AbstractProcessorLight.process(AbstractProcessorLight.java:63)
	at org.apache.coyote.AbstractProtocol$ConnectionHandler.process(AbstractProtocol.java:905)
	at org.apache.tomcat.util.net.NioEndpoint$SocketProcessor.doRun(NioEndpoint.java:1741)
	at org.apache.tomcat.util.net.SocketProcessorBase.run(SocketProcessorBase.java:52)
	at org.apache.tomcat.util.threads.ThreadPoolExecutor.runWorker(ThreadPoolExecutor.java:1190)
	at org.apache.tomcat.util.threads.ThreadPoolExecutor$Worker.run(ThreadPoolExecutor.java:659)
	at org.apache.tomcat.util.threads.TaskThread$WrappingRunnable.run(TaskThread.java:63)
	at java.base/java.lang.Thread.run(Thread.java:842)
2024-11-07 17:38:11 INFO  w.gatherMind.aop.LoggingAspect - Starting method: getStudyInfoWithMembers
2024-11-07 17:38:11 INFO  w.gatherMind.aop.LoggingAspect - Completed method : getStudyInfoWithMembers in 6 ms
2024-11-07 18:03:00 INFO  w.gatherMind.aop.LoggingAspect - Starting method: getMemberAndRoleByMemberId
2024-11-07 18:03:00 INFO  w.gatherMind.aop.LoggingAspect - Starting method: getStudyInfoWithMembers
2024-11-07 18:03:00 ERROR w.gatherMind.aop.LoggingAspect - Exception in method : getMemberAndRoleByMemberId with message : Query did not return a unique result: 2 results were returned
2024-11-07 18:03:00 ERROR o.a.c.c.C.[.[.[.[dispatcherServlet] - Servlet.service() for servlet [dispatcherServlet] in context with path [] threw exception [Request processing failed: org.springframework.dao.IncorrectResultSizeDataAccessException: Query did not return a unique result: 2 results were returned] with root cause
org.hibernate.NonUniqueResultException: Query did not return a unique result: 2 results were returned
	at org.hibernate.query.spi.AbstractSelectionQuery.uniqueElement(AbstractSelectionQuery.java:578)
	at org.hibernate.query.spi.AbstractSelectionQuery.getSingleResult(AbstractSelectionQuery.java:561)
	at org.springframework.data.jpa.repository.query.JpaQueryExecution$SingleEntityExecution.doExecute(JpaQueryExecution.java:223)
	at org.springframework.data.jpa.repository.query.JpaQueryExecution.execute(JpaQueryExecution.java:92)
	at org.springframework.data.jpa.repository.query.AbstractJpaQuery.doExecute(AbstractJpaQuery.java:152)
	at org.springframework.data.jpa.repository.query.AbstractJpaQuery.execute(AbstractJpaQuery.java:140)
	at org.springframework.data.repository.core.support.RepositoryMethodInvoker.doInvoke(RepositoryMethodInvoker.java:170)
	at org.springframework.data.repository.core.support.RepositoryMethodInvoker.invoke(RepositoryMethodInvoker.java:158)
	at org.springframework.data.repository.core.support.QueryExecutorMethodInterceptor.doInvoke(QueryExecutorMethodInterceptor.java:169)
	at org.springframework.data.repository.core.support.QueryExecutorMethodInterceptor.invoke(QueryExecutorMethodInterceptor.java:148)
	at org.springframework.aop.framework.ReflectiveMethodInvocation.proceed(ReflectiveMethodInvocation.java:184)
	at org.springframework.data.projection.DefaultMethodInvokingMethodInterceptor.invoke(DefaultMethodInvokingMethodInterceptor.java:70)
	at org.springframework.aop.framework.ReflectiveMethodInvocation.proceed(ReflectiveMethodInvocation.java:184)
	at org.springframework.transaction.interceptor.TransactionAspectSupport.invokeWithinTransaction(TransactionAspectSupport.java:379)
	at org.springframework.transaction.interceptor.TransactionInterceptor.invoke(TransactionInterceptor.java:119)
	at org.springframework.aop.framework.ReflectiveMethodInvocation.proceed(ReflectiveMethodInvocation.java:184)
	at org.springframework.dao.support.PersistenceExceptionTranslationInterceptor.invoke(PersistenceExceptionTranslationInterceptor.java:138)
	at org.springframework.aop.framework.ReflectiveMethodInvocation.proceed(ReflectiveMethodInvocation.java:184)
	at org.springframework.data.jpa.repository.support.CrudMethodMetadataPostProcessor$CrudMethodMetadataPopulatingMethodInterceptor.invoke(CrudMethodMetadataPostProcessor.java:136)
	at org.springframework.aop.framework.ReflectiveMethodInvocation.proceed(ReflectiveMethodInvocation.java:184)
	at org.springframework.aop.interceptor.ExposeInvocationInterceptor.invoke(ExposeInvocationInterceptor.java:97)
	at org.springframework.aop.framework.ReflectiveMethodInvocation.proceed(ReflectiveMethodInvocation.java:184)
	at org.springframework.aop.framework.JdkDynamicAopProxy.invoke(JdkDynamicAopProxy.java:223)
	at jdk.proxy4/jdk.proxy4.$Proxy142.findMemberAndRoleByMemberId(Unknown Source)
	at woongjin.gatherMind.service.MemberService.getMemberAndRoleByMemberId(MemberService.java:18)
	at java.base/jdk.internal.reflect.NativeMethodAccessorImpl.invoke0(Native Method)
	at java.base/jdk.internal.reflect.NativeMethodAccessorImpl.invoke(NativeMethodAccessorImpl.java:77)
	at java.base/jdk.internal.reflect.DelegatingMethodAccessorImpl.invoke(DelegatingMethodAccessorImpl.java:43)
	at java.base/java.lang.reflect.Method.invoke(Method.java:568)
	at org.springframework.aop.support.AopUtils.invokeJoinpointUsingReflection(AopUtils.java:355)
	at org.springframework.aop.framework.ReflectiveMethodInvocation.invokeJoinpoint(ReflectiveMethodInvocation.java:196)
	at org.springframework.aop.framework.ReflectiveMethodInvocation.proceed(ReflectiveMethodInvocation.java:163)
	at org.springframework.aop.framework.CglibAopProxy$CglibMethodInvocation.proceed(CglibAopProxy.java:768)
	at org.springframework.aop.aspectj.MethodInvocationProceedingJoinPoint.proceed(MethodInvocationProceedingJoinPoint.java:89)
	at woongjin.gatherMind.aop.LoggingAspect.logExecutionTime(LoggingAspect.java:29)
	at java.base/jdk.internal.reflect.NativeMethodAccessorImpl.invoke0(Native Method)
	at java.base/jdk.internal.reflect.NativeMethodAccessorImpl.invoke(NativeMethodAccessorImpl.java:77)
	at java.base/jdk.internal.reflect.DelegatingMethodAccessorImpl.invoke(DelegatingMethodAccessorImpl.java:43)
	at java.base/java.lang.reflect.Method.invoke(Method.java:568)
	at org.springframework.aop.aspectj.AbstractAspectJAdvice.invokeAdviceMethodWithGivenArgs(AbstractAspectJAdvice.java:637)
	at org.springframework.aop.aspectj.AbstractAspectJAdvice.invokeAdviceMethod(AbstractAspectJAdvice.java:627)
	at org.springframework.aop.aspectj.AspectJAroundAdvice.invoke(AspectJAroundAdvice.java:71)
	at org.springframework.aop.framework.ReflectiveMethodInvocation.proceed(ReflectiveMethodInvocation.java:184)
	at org.springframework.aop.framework.CglibAopProxy$CglibMethodInvocation.proceed(CglibAopProxy.java:768)
	at org.springframework.aop.interceptor.ExposeInvocationInterceptor.invoke(ExposeInvocationInterceptor.java:97)
	at org.springframework.aop.framework.ReflectiveMethodInvocation.proceed(ReflectiveMethodInvocation.java:184)
	at org.springframework.aop.framework.CglibAopProxy$CglibMethodInvocation.proceed(CglibAopProxy.java:768)
	at org.springframework.aop.framework.CglibAopProxy$DynamicAdvisedInterceptor.intercept(CglibAopProxy.java:720)
	at woongjin.gatherMind.service.MemberService$$SpringCGLIB$$0.getMemberAndRoleByMemberId(<generated>)
	at woongjin.gatherMind.controller.MemberController.getMemberAndRoleByMemberId(MemberController.java:23)
	at java.base/jdk.internal.reflect.NativeMethodAccessorImpl.invoke0(Native Method)
	at java.base/jdk.internal.reflect.NativeMethodAccessorImpl.invoke(NativeMethodAccessorImpl.java:77)
	at java.base/jdk.internal.reflect.DelegatingMethodAccessorImpl.invoke(DelegatingMethodAccessorImpl.java:43)
	at java.base/java.lang.reflect.Method.invoke(Method.java:568)
	at org.springframework.web.method.support.InvocableHandlerMethod.doInvoke(InvocableHandlerMethod.java:255)
	at org.springframework.web.method.support.InvocableHandlerMethod.invokeForRequest(InvocableHandlerMethod.java:188)
	at org.springframework.web.servlet.mvc.method.annotation.ServletInvocableHandlerMethod.invokeAndHandle(ServletInvocableHandlerMethod.java:118)
	at org.springframework.web.servlet.mvc.method.annotation.RequestMappingHandlerAdapter.invokeHandlerMethod(RequestMappingHandlerAdapter.java:926)
	at org.springframework.web.servlet.mvc.method.annotation.RequestMappingHandlerAdapter.handleInternal(RequestMappingHandlerAdapter.java:831)
	at org.springframework.web.servlet.mvc.method.AbstractHandlerMethodAdapter.handle(AbstractHandlerMethodAdapter.java:87)
	at org.springframework.web.servlet.DispatcherServlet.doDispatch(DispatcherServlet.java:1089)
	at org.springframework.web.servlet.DispatcherServlet.doService(DispatcherServlet.java:979)
	at org.springframework.web.servlet.FrameworkServlet.processRequest(FrameworkServlet.java:1014)
	at org.springframework.web.servlet.FrameworkServlet.doGet(FrameworkServlet.java:903)
	at jakarta.servlet.http.HttpServlet.service(HttpServlet.java:564)
	at org.springframework.web.servlet.FrameworkServlet.service(FrameworkServlet.java:885)
	at jakarta.servlet.http.HttpServlet.service(HttpServlet.java:658)
	at org.apache.catalina.core.ApplicationFilterChain.internalDoFilter(ApplicationFilterChain.java:195)
	at org.apache.catalina.core.ApplicationFilterChain.doFilter(ApplicationFilterChain.java:140)
	at org.apache.tomcat.websocket.server.WsFilter.doFilter(WsFilter.java:51)
	at org.apache.catalina.core.ApplicationFilterChain.internalDoFilter(ApplicationFilterChain.java:164)
	at org.apache.catalina.core.ApplicationFilterChain.doFilter(ApplicationFilterChain.java:140)
	at org.springframework.web.filter.RequestContextFilter.doFilterInternal(RequestContextFilter.java:100)
	at org.springframework.web.filter.OncePerRequestFilter.doFilter(OncePerRequestFilter.java:116)
	at org.apache.catalina.core.ApplicationFilterChain.internalDoFilter(ApplicationFilterChain.java:164)
	at org.apache.catalina.core.ApplicationFilterChain.doFilter(ApplicationFilterChain.java:140)
	at org.springframework.web.filter.FormContentFilter.doFilterInternal(FormContentFilter.java:93)
	at org.springframework.web.filter.OncePerRequestFilter.doFilter(OncePerRequestFilter.java:116)
	at org.apache.catalina.core.ApplicationFilterChain.internalDoFilter(ApplicationFilterChain.java:164)
	at org.apache.catalina.core.ApplicationFilterChain.doFilter(ApplicationFilterChain.java:140)
	at org.springframework.web.filter.CharacterEncodingFilter.doFilterInternal(CharacterEncodingFilter.java:201)
	at org.springframework.web.filter.OncePerRequestFilter.doFilter(OncePerRequestFilter.java:116)
	at org.apache.catalina.core.ApplicationFilterChain.internalDoFilter(ApplicationFilterChain.java:164)
	at org.apache.catalina.core.ApplicationFilterChain.doFilter(ApplicationFilterChain.java:140)
	at org.apache.catalina.core.StandardWrapperValve.invoke(StandardWrapperValve.java:167)
	at org.apache.catalina.core.StandardContextValve.invoke(StandardContextValve.java:90)
	at org.apache.catalina.authenticator.AuthenticatorBase.invoke(AuthenticatorBase.java:483)
	at org.apache.catalina.core.StandardHostValve.invoke(StandardHostValve.java:115)
	at org.apache.catalina.valves.ErrorReportValve.invoke(ErrorReportValve.java:93)
	at org.apache.catalina.core.StandardEngineValve.invoke(StandardEngineValve.java:74)
	at org.apache.catalina.connector.CoyoteAdapter.service(CoyoteAdapter.java:344)
	at org.apache.coyote.http11.Http11Processor.service(Http11Processor.java:384)
	at org.apache.coyote.AbstractProcessorLight.process(AbstractProcessorLight.java:63)
	at org.apache.coyote.AbstractProtocol$ConnectionHandler.process(AbstractProtocol.java:905)
	at org.apache.tomcat.util.net.NioEndpoint$SocketProcessor.doRun(NioEndpoint.java:1741)
	at org.apache.tomcat.util.net.SocketProcessorBase.run(SocketProcessorBase.java:52)
	at org.apache.tomcat.util.threads.ThreadPoolExecutor.runWorker(ThreadPoolExecutor.java:1190)
	at org.apache.tomcat.util.threads.ThreadPoolExecutor$Worker.run(ThreadPoolExecutor.java:659)
	at org.apache.tomcat.util.threads.TaskThread$WrappingRunnable.run(TaskThread.java:63)
	at java.base/java.lang.Thread.run(Thread.java:842)
2024-11-07 18:03:00 INFO  w.gatherMind.aop.LoggingAspect - Completed method : getStudyInfoWithMembers in 2 ms
2024-11-07 18:03:00 INFO  w.gatherMind.aop.LoggingAspect - Starting method: getStudyInfoWithMembers
2024-11-07 18:03:00 INFO  w.gatherMind.aop.LoggingAspect - Starting method: getMemberAndRoleByMemberId
2024-11-07 18:03:00 ERROR w.gatherMind.aop.LoggingAspect - Exception in method : getMemberAndRoleByMemberId with message : Query did not return a unique result: 2 results were returned
2024-11-07 18:03:00 ERROR o.a.c.c.C.[.[.[.[dispatcherServlet] - Servlet.service() for servlet [dispatcherServlet] in context with path [] threw exception [Request processing failed: org.springframework.dao.IncorrectResultSizeDataAccessException: Query did not return a unique result: 2 results were returned] with root cause
org.hibernate.NonUniqueResultException: Query did not return a unique result: 2 results were returned
	at org.hibernate.query.spi.AbstractSelectionQuery.uniqueElement(AbstractSelectionQuery.java:578)
	at org.hibernate.query.spi.AbstractSelectionQuery.getSingleResult(AbstractSelectionQuery.java:561)
	at org.springframework.data.jpa.repository.query.JpaQueryExecution$SingleEntityExecution.doExecute(JpaQueryExecution.java:223)
	at org.springframework.data.jpa.repository.query.JpaQueryExecution.execute(JpaQueryExecution.java:92)
	at org.springframework.data.jpa.repository.query.AbstractJpaQuery.doExecute(AbstractJpaQuery.java:152)
	at org.springframework.data.jpa.repository.query.AbstractJpaQuery.execute(AbstractJpaQuery.java:140)
	at org.springframework.data.repository.core.support.RepositoryMethodInvoker.doInvoke(RepositoryMethodInvoker.java:170)
	at org.springframework.data.repository.core.support.RepositoryMethodInvoker.invoke(RepositoryMethodInvoker.java:158)
	at org.springframework.data.repository.core.support.QueryExecutorMethodInterceptor.doInvoke(QueryExecutorMethodInterceptor.java:169)
	at org.springframework.data.repository.core.support.QueryExecutorMethodInterceptor.invoke(QueryExecutorMethodInterceptor.java:148)
	at org.springframework.aop.framework.ReflectiveMethodInvocation.proceed(ReflectiveMethodInvocation.java:184)
	at org.springframework.data.projection.DefaultMethodInvokingMethodInterceptor.invoke(DefaultMethodInvokingMethodInterceptor.java:70)
	at org.springframework.aop.framework.ReflectiveMethodInvocation.proceed(ReflectiveMethodInvocation.java:184)
	at org.springframework.transaction.interceptor.TransactionAspectSupport.invokeWithinTransaction(TransactionAspectSupport.java:379)
	at org.springframework.transaction.interceptor.TransactionInterceptor.invoke(TransactionInterceptor.java:119)
	at org.springframework.aop.framework.ReflectiveMethodInvocation.proceed(ReflectiveMethodInvocation.java:184)
	at org.springframework.dao.support.PersistenceExceptionTranslationInterceptor.invoke(PersistenceExceptionTranslationInterceptor.java:138)
	at org.springframework.aop.framework.ReflectiveMethodInvocation.proceed(ReflectiveMethodInvocation.java:184)
	at org.springframework.data.jpa.repository.support.CrudMethodMetadataPostProcessor$CrudMethodMetadataPopulatingMethodInterceptor.invoke(CrudMethodMetadataPostProcessor.java:136)
	at org.springframework.aop.framework.ReflectiveMethodInvocation.proceed(ReflectiveMethodInvocation.java:184)
	at org.springframework.aop.interceptor.ExposeInvocationInterceptor.invoke(ExposeInvocationInterceptor.java:97)
	at org.springframework.aop.framework.ReflectiveMethodInvocation.proceed(ReflectiveMethodInvocation.java:184)
	at org.springframework.aop.framework.JdkDynamicAopProxy.invoke(JdkDynamicAopProxy.java:223)
	at jdk.proxy4/jdk.proxy4.$Proxy142.findMemberAndRoleByMemberId(Unknown Source)
	at woongjin.gatherMind.service.MemberService.getMemberAndRoleByMemberId(MemberService.java:18)
	at java.base/jdk.internal.reflect.NativeMethodAccessorImpl.invoke0(Native Method)
	at java.base/jdk.internal.reflect.NativeMethodAccessorImpl.invoke(NativeMethodAccessorImpl.java:77)
	at java.base/jdk.internal.reflect.DelegatingMethodAccessorImpl.invoke(DelegatingMethodAccessorImpl.java:43)
	at java.base/java.lang.reflect.Method.invoke(Method.java:568)
	at org.springframework.aop.support.AopUtils.invokeJoinpointUsingReflection(AopUtils.java:355)
	at org.springframework.aop.framework.ReflectiveMethodInvocation.invokeJoinpoint(ReflectiveMethodInvocation.java:196)
	at org.springframework.aop.framework.ReflectiveMethodInvocation.proceed(ReflectiveMethodInvocation.java:163)
	at org.springframework.aop.framework.CglibAopProxy$CglibMethodInvocation.proceed(CglibAopProxy.java:768)
	at org.springframework.aop.aspectj.MethodInvocationProceedingJoinPoint.proceed(MethodInvocationProceedingJoinPoint.java:89)
	at woongjin.gatherMind.aop.LoggingAspect.logExecutionTime(LoggingAspect.java:29)
	at java.base/jdk.internal.reflect.NativeMethodAccessorImpl.invoke0(Native Method)
	at java.base/jdk.internal.reflect.NativeMethodAccessorImpl.invoke(NativeMethodAccessorImpl.java:77)
	at java.base/jdk.internal.reflect.DelegatingMethodAccessorImpl.invoke(DelegatingMethodAccessorImpl.java:43)
	at java.base/java.lang.reflect.Method.invoke(Method.java:568)
	at org.springframework.aop.aspectj.AbstractAspectJAdvice.invokeAdviceMethodWithGivenArgs(AbstractAspectJAdvice.java:637)
	at org.springframework.aop.aspectj.AbstractAspectJAdvice.invokeAdviceMethod(AbstractAspectJAdvice.java:627)
	at org.springframework.aop.aspectj.AspectJAroundAdvice.invoke(AspectJAroundAdvice.java:71)
	at org.springframework.aop.framework.ReflectiveMethodInvocation.proceed(ReflectiveMethodInvocation.java:184)
	at org.springframework.aop.framework.CglibAopProxy$CglibMethodInvocation.proceed(CglibAopProxy.java:768)
	at org.springframework.aop.interceptor.ExposeInvocationInterceptor.invoke(ExposeInvocationInterceptor.java:97)
	at org.springframework.aop.framework.ReflectiveMethodInvocation.proceed(ReflectiveMethodInvocation.java:184)
	at org.springframework.aop.framework.CglibAopProxy$CglibMethodInvocation.proceed(CglibAopProxy.java:768)
	at org.springframework.aop.framework.CglibAopProxy$DynamicAdvisedInterceptor.intercept(CglibAopProxy.java:720)
	at woongjin.gatherMind.service.MemberService$$SpringCGLIB$$0.getMemberAndRoleByMemberId(<generated>)
	at woongjin.gatherMind.controller.MemberController.getMemberAndRoleByMemberId(MemberController.java:23)
	at java.base/jdk.internal.reflect.NativeMethodAccessorImpl.invoke0(Native Method)
	at java.base/jdk.internal.reflect.NativeMethodAccessorImpl.invoke(NativeMethodAccessorImpl.java:77)
	at java.base/jdk.internal.reflect.DelegatingMethodAccessorImpl.invoke(DelegatingMethodAccessorImpl.java:43)
	at java.base/java.lang.reflect.Method.invoke(Method.java:568)
	at org.springframework.web.method.support.InvocableHandlerMethod.doInvoke(InvocableHandlerMethod.java:255)
	at org.springframework.web.method.support.InvocableHandlerMethod.invokeForRequest(InvocableHandlerMethod.java:188)
	at org.springframework.web.servlet.mvc.method.annotation.ServletInvocableHandlerMethod.invokeAndHandle(ServletInvocableHandlerMethod.java:118)
	at org.springframework.web.servlet.mvc.method.annotation.RequestMappingHandlerAdapter.invokeHandlerMethod(RequestMappingHandlerAdapter.java:926)
	at org.springframework.web.servlet.mvc.method.annotation.RequestMappingHandlerAdapter.handleInternal(RequestMappingHandlerAdapter.java:831)
	at org.springframework.web.servlet.mvc.method.AbstractHandlerMethodAdapter.handle(AbstractHandlerMethodAdapter.java:87)
	at org.springframework.web.servlet.DispatcherServlet.doDispatch(DispatcherServlet.java:1089)
	at org.springframework.web.servlet.DispatcherServlet.doService(DispatcherServlet.java:979)
	at org.springframework.web.servlet.FrameworkServlet.processRequest(FrameworkServlet.java:1014)
	at org.springframework.web.servlet.FrameworkServlet.doGet(FrameworkServlet.java:903)
	at jakarta.servlet.http.HttpServlet.service(HttpServlet.java:564)
	at org.springframework.web.servlet.FrameworkServlet.service(FrameworkServlet.java:885)
	at jakarta.servlet.http.HttpServlet.service(HttpServlet.java:658)
	at org.apache.catalina.core.ApplicationFilterChain.internalDoFilter(ApplicationFilterChain.java:195)
	at org.apache.catalina.core.ApplicationFilterChain.doFilter(ApplicationFilterChain.java:140)
	at org.apache.tomcat.websocket.server.WsFilter.doFilter(WsFilter.java:51)
	at org.apache.catalina.core.ApplicationFilterChain.internalDoFilter(ApplicationFilterChain.java:164)
	at org.apache.catalina.core.ApplicationFilterChain.doFilter(ApplicationFilterChain.java:140)
	at org.springframework.web.filter.RequestContextFilter.doFilterInternal(RequestContextFilter.java:100)
	at org.springframework.web.filter.OncePerRequestFilter.doFilter(OncePerRequestFilter.java:116)
	at org.apache.catalina.core.ApplicationFilterChain.internalDoFilter(ApplicationFilterChain.java:164)
	at org.apache.catalina.core.ApplicationFilterChain.doFilter(ApplicationFilterChain.java:140)
	at org.springframework.web.filter.FormContentFilter.doFilterInternal(FormContentFilter.java:93)
	at org.springframework.web.filter.OncePerRequestFilter.doFilter(OncePerRequestFilter.java:116)
	at org.apache.catalina.core.ApplicationFilterChain.internalDoFilter(ApplicationFilterChain.java:164)
	at org.apache.catalina.core.ApplicationFilterChain.doFilter(ApplicationFilterChain.java:140)
	at org.springframework.web.filter.CharacterEncodingFilter.doFilterInternal(CharacterEncodingFilter.java:201)
	at org.springframework.web.filter.OncePerRequestFilter.doFilter(OncePerRequestFilter.java:116)
	at org.apache.catalina.core.ApplicationFilterChain.internalDoFilter(ApplicationFilterChain.java:164)
	at org.apache.catalina.core.ApplicationFilterChain.doFilter(ApplicationFilterChain.java:140)
	at org.apache.catalina.core.StandardWrapperValve.invoke(StandardWrapperValve.java:167)
	at org.apache.catalina.core.StandardContextValve.invoke(StandardContextValve.java:90)
	at org.apache.catalina.authenticator.AuthenticatorBase.invoke(AuthenticatorBase.java:483)
	at org.apache.catalina.core.StandardHostValve.invoke(StandardHostValve.java:115)
	at org.apache.catalina.valves.ErrorReportValve.invoke(ErrorReportValve.java:93)
	at org.apache.catalina.core.StandardEngineValve.invoke(StandardEngineValve.java:74)
	at org.apache.catalina.connector.CoyoteAdapter.service(CoyoteAdapter.java:344)
	at org.apache.coyote.http11.Http11Processor.service(Http11Processor.java:384)
	at org.apache.coyote.AbstractProcessorLight.process(AbstractProcessorLight.java:63)
	at org.apache.coyote.AbstractProtocol$ConnectionHandler.process(AbstractProtocol.java:905)
	at org.apache.tomcat.util.net.NioEndpoint$SocketProcessor.doRun(NioEndpoint.java:1741)
	at org.apache.tomcat.util.net.SocketProcessorBase.run(SocketProcessorBase.java:52)
	at org.apache.tomcat.util.threads.ThreadPoolExecutor.runWorker(ThreadPoolExecutor.java:1190)
	at org.apache.tomcat.util.threads.ThreadPoolExecutor$Worker.run(ThreadPoolExecutor.java:659)
	at org.apache.tomcat.util.threads.TaskThread$WrappingRunnable.run(TaskThread.java:63)
	at java.base/java.lang.Thread.run(Thread.java:842)
2024-11-07 18:03:00 INFO  w.gatherMind.aop.LoggingAspect - Completed method : getStudyInfoWithMembers in 4 ms
2024-11-07 18:03:50 INFO  w.gatherMind.aop.LoggingAspect - Starting method: getStudyInfoWithMembers
2024-11-07 18:03:50 INFO  w.gatherMind.aop.LoggingAspect - Completed method : getStudyInfoWithMembers in 4 ms
2024-11-07 18:03:50 INFO  w.gatherMind.aop.LoggingAspect - Starting method: getStudyInfoWithMembers
2024-11-07 18:03:50 INFO  w.gatherMind.aop.LoggingAspect - Completed method : getStudyInfoWithMembers in 3 ms
2024-11-07 18:04:14 INFO  w.gatherMind.aop.LoggingAspect - Starting method: getStudyInfoWithMembers
2024-11-07 18:04:14 INFO  w.gatherMind.aop.LoggingAspect - Completed method : getStudyInfoWithMembers in 12 ms
2024-11-07 18:04:14 INFO  w.gatherMind.aop.LoggingAspect - Starting method: getStudyInfoWithMembers
2024-11-07 18:04:14 INFO  w.gatherMind.aop.LoggingAspect - Completed method : getStudyInfoWithMembers in 8 ms
2024-11-07 18:04:43 INFO  w.gatherMind.aop.LoggingAspect - Starting method: getStudyInfoWithMembers
2024-11-07 18:04:43 INFO  w.gatherMind.aop.LoggingAspect - Completed method : getStudyInfoWithMembers in 3 ms
2024-11-07 18:04:43 INFO  w.gatherMind.aop.LoggingAspect - Starting method: getStudyInfoWithMembers
2024-11-07 18:04:43 INFO  w.gatherMind.aop.LoggingAspect - Completed method : getStudyInfoWithMembers in 4 ms
2024-11-07 18:20:07 INFO  w.gatherMind.GatherMindApplication - Starting GatherMindApplication using Java 17.0.11 with PID 12660 (D:\study\240717_bootcamp\teamproject\backend\gatherMind\build\classes\java\main started by tnghk in D:\study\240717_bootcamp\teamproject\backend\gatherMind)
2024-11-07 18:20:07 DEBUG w.gatherMind.GatherMindApplication - Running with Spring Boot v3.3.5, Spring v6.1.14
2024-11-07 18:20:07 INFO  w.gatherMind.GatherMindApplication - No active profile set, falling back to 1 default profile: "default"
2024-11-07 18:20:07 INFO  o.s.b.d.e.DevToolsPropertyDefaultsPostProcessor - Devtools property defaults active! Set 'spring.devtools.add-properties' to 'false' to disable
2024-11-07 18:20:07 INFO  o.s.b.d.e.DevToolsPropertyDefaultsPostProcessor - For additional web related logging consider setting the 'logging.level.web' property to 'DEBUG'
2024-11-07 18:20:08 INFO  o.s.d.r.c.RepositoryConfigurationDelegate - Bootstrapping Spring Data JPA repositories in DEFAULT mode.
2024-11-07 18:20:08 INFO  o.s.d.r.c.RepositoryConfigurationDelegate - Finished Spring Data repository scanning in 65 ms. Found 5 JPA repository interfaces.
2024-11-07 18:20:09 INFO  o.s.b.w.e.tomcat.TomcatWebServer - Tomcat initialized with port 8080 (http)
2024-11-07 18:20:09 INFO  o.a.c.core.AprLifecycleListener - Loaded Apache Tomcat Native library [2.0.8] using APR version [1.7.4].
2024-11-07 18:20:09 INFO  o.a.c.core.AprLifecycleListener - OpenSSL successfully initialized [OpenSSL 3.0.14 4 Jun 2024]
2024-11-07 18:20:09 INFO  o.a.coyote.http11.Http11NioProtocol - Initializing ProtocolHandler ["http-nio-8080"]
2024-11-07 18:20:09 INFO  o.a.catalina.core.StandardService - Starting service [Tomcat]
2024-11-07 18:20:09 INFO  o.a.catalina.core.StandardEngine - Starting Servlet engine: [Apache Tomcat/10.1.31]
2024-11-07 18:20:09 INFO  o.a.c.c.C.[Tomcat].[localhost].[/] - Initializing Spring embedded WebApplicationContext
2024-11-07 18:20:09 INFO  o.s.b.w.s.c.ServletWebServerApplicationContext - Root WebApplicationContext: initialization completed in 2051 ms
2024-11-07 18:20:09 INFO  com.zaxxer.hikari.HikariDataSource - HikariPool-1 - Starting...
2024-11-07 18:20:09 INFO  com.zaxxer.hikari.pool.HikariPool - HikariPool-1 - Added connection conn0: url=jdbc:h2:mem:testdb user=SA
2024-11-07 18:20:09 INFO  com.zaxxer.hikari.HikariDataSource - HikariPool-1 - Start completed.
2024-11-07 18:20:09 INFO  o.s.b.a.h.H2ConsoleAutoConfiguration - H2 console available at '/h2-console'. Database available at 'jdbc:h2:mem:testdb'
2024-11-07 18:20:10 INFO  o.h.jpa.internal.util.LogHelper - HHH000204: Processing PersistenceUnitInfo [name: default]
2024-11-07 18:20:10 INFO  org.hibernate.Version - HHH000412: Hibernate ORM core version 6.5.3.Final
2024-11-07 18:20:10 INFO  o.h.c.i.RegionFactoryInitiator - HHH000026: Second-level cache disabled
2024-11-07 18:20:10 INFO  o.s.o.j.p.SpringPersistenceUnitInfo - No LoadTimeWeaver setup: ignoring JPA class transformer
2024-11-07 18:20:11 INFO  o.h.e.t.j.p.i.JtaPlatformInitiator - HHH000489: No JTA platform available (set 'hibernate.transaction.jta.platform' to enable JTA platform integration)
2024-11-07 18:20:11 INFO  o.s.o.j.LocalContainerEntityManagerFactoryBean - Initialized JPA EntityManagerFactory for persistence unit 'default'
2024-11-07 18:20:12 INFO  o.s.d.j.r.query.QueryEnhancerFactory - Hibernate is in classpath; If applicable, HQL parser will be used.
2024-11-07 18:20:13 WARN  o.s.b.a.o.j.JpaBaseConfiguration$JpaWebConfiguration - spring.jpa.open-in-view is enabled by default. Therefore, database queries may be performed during view rendering. Explicitly configure spring.jpa.open-in-view to disable this warning
2024-11-07 18:20:14 INFO  o.s.b.d.a.OptionalLiveReloadServer - LiveReload server is running on port 35729
2024-11-07 18:20:14 INFO  o.a.coyote.http11.Http11NioProtocol - Starting ProtocolHandler ["http-nio-8080"]
2024-11-07 18:20:15 INFO  o.s.b.w.e.tomcat.TomcatWebServer - Tomcat started on port 8080 (http) with context path '/'
2024-11-07 18:20:15 INFO  w.gatherMind.GatherMindApplication - Started GatherMindApplication in 8.358 seconds (process running for 8.73)
2024-11-07 18:20:34 INFO  o.a.c.c.C.[Tomcat].[localhost].[/] - Initializing Spring DispatcherServlet 'dispatcherServlet'
2024-11-07 18:20:34 INFO  o.s.web.servlet.DispatcherServlet - Initializing Servlet 'dispatcherServlet'
2024-11-07 18:20:34 INFO  o.s.web.servlet.DispatcherServlet - Completed initialization in 0 ms
2024-11-07 18:20:34 INFO  w.gatherMind.aop.LoggingAspect - Starting method: getStudyInfoWithMembers
2024-11-07 18:20:34 INFO  w.gatherMind.aop.LoggingAspect - Starting method: getMemberAndRoleByMemberId
2024-11-07 18:20:34 INFO  w.gatherMind.aop.LoggingAspect - Completed method : getMemberAndRoleByMemberId in 112 ms
2024-11-07 18:20:34 INFO  w.gatherMind.aop.LoggingAspect - Completed method : getStudyInfoWithMembers in 157 ms
2024-11-07 18:20:34 INFO  w.gatherMind.aop.LoggingAspect - Starting method: getMemberAndRoleByMemberId
2024-11-07 18:20:34 INFO  w.gatherMind.aop.LoggingAspect - Completed method : getMemberAndRoleByMemberId in 2 ms
2024-11-07 18:20:34 INFO  w.gatherMind.aop.LoggingAspect - Starting method: getStudyInfoWithMembers
2024-11-07 18:20:34 INFO  w.gatherMind.aop.LoggingAspect - Completed method : getStudyInfoWithMembers in 4 ms
2024-11-07 18:20:45 INFO  w.gatherMind.aop.LoggingAspect - Starting method: getScheduleByStudyId
2024-11-07 18:20:45 INFO  w.gatherMind.aop.LoggingAspect - Completed method : getScheduleByStudyId in 3 ms
2024-11-07 18:20:45 INFO  w.gatherMind.aop.LoggingAspect - Starting method: getScheduleByStudyId
2024-11-07 18:20:45 INFO  w.gatherMind.aop.LoggingAspect - Completed method : getScheduleByStudyId in 2 ms
2024-11-07 18:20:47 INFO  w.gatherMind.aop.LoggingAspect - Starting method: getMembersAndBoard
2024-11-07 18:20:47 INFO  w.gatherMind.aop.LoggingAspect - Completed method : getMembersAndBoard in 3 ms
2024-11-07 18:20:47 INFO  w.gatherMind.aop.LoggingAspect - Starting method: getMembersAndBoard
2024-11-07 18:20:47 INFO  w.gatherMind.aop.LoggingAspect - Completed method : getMembersAndBoard in 2 ms
2024-11-07 18:20:51 INFO  w.gatherMind.aop.LoggingAspect - Starting method: getStudyById
2024-11-07 18:20:51 INFO  w.gatherMind.aop.LoggingAspect - Completed method : getStudyById in 2 ms
2024-11-07 18:20:51 INFO  w.gatherMind.aop.LoggingAspect - Starting method: getStudyById
2024-11-07 18:20:51 INFO  w.gatherMind.aop.LoggingAspect - Completed method : getStudyById in 2 ms
2024-11-07 18:29:04 INFO  w.gatherMind.GatherMindApplication - Starting GatherMindApplication using Java 17.0.11 with PID 28788 (D:\study\240717_bootcamp\teamproject\backend\gatherMind\build\classes\java\main started by tnghk in D:\study\240717_bootcamp\teamproject\backend\gatherMind)
2024-11-07 18:29:04 DEBUG w.gatherMind.GatherMindApplication - Running with Spring Boot v3.3.5, Spring v6.1.14
2024-11-07 18:29:04 INFO  w.gatherMind.GatherMindApplication - No active profile set, falling back to 1 default profile: "default"
2024-11-07 18:29:04 INFO  o.s.b.d.e.DevToolsPropertyDefaultsPostProcessor - Devtools property defaults active! Set 'spring.devtools.add-properties' to 'false' to disable
2024-11-07 18:29:04 INFO  o.s.b.d.e.DevToolsPropertyDefaultsPostProcessor - For additional web related logging consider setting the 'logging.level.web' property to 'DEBUG'
2024-11-07 18:29:05 INFO  o.s.d.r.c.RepositoryConfigurationDelegate - Bootstrapping Spring Data JPA repositories in DEFAULT mode.
2024-11-07 18:29:05 INFO  o.s.d.r.c.RepositoryConfigurationDelegate - Finished Spring Data repository scanning in 63 ms. Found 5 JPA repository interfaces.
2024-11-07 18:29:07 INFO  o.s.b.w.e.tomcat.TomcatWebServer - Tomcat initialized with port 8080 (http)
2024-11-07 18:29:07 INFO  o.a.c.core.AprLifecycleListener - Loaded Apache Tomcat Native library [2.0.8] using APR version [1.7.4].
2024-11-07 18:29:07 INFO  o.a.c.core.AprLifecycleListener - OpenSSL successfully initialized [OpenSSL 3.0.14 4 Jun 2024]
2024-11-07 18:29:07 INFO  o.a.coyote.http11.Http11NioProtocol - Initializing ProtocolHandler ["http-nio-8080"]
2024-11-07 18:29:07 INFO  o.a.catalina.core.StandardService - Starting service [Tomcat]
2024-11-07 18:29:07 INFO  o.a.catalina.core.StandardEngine - Starting Servlet engine: [Apache Tomcat/10.1.31]
2024-11-07 18:29:07 INFO  o.a.c.c.C.[Tomcat].[localhost].[/] - Initializing Spring embedded WebApplicationContext
2024-11-07 18:29:07 INFO  o.s.b.w.s.c.ServletWebServerApplicationContext - Root WebApplicationContext: initialization completed in 2547 ms
2024-11-07 18:29:07 INFO  com.zaxxer.hikari.HikariDataSource - HikariPool-1 - Starting...
2024-11-07 18:29:07 INFO  com.zaxxer.hikari.pool.HikariPool - HikariPool-1 - Added connection conn0: url=jdbc:h2:mem:testdb user=SA
2024-11-07 18:29:07 INFO  com.zaxxer.hikari.HikariDataSource - HikariPool-1 - Start completed.
2024-11-07 18:29:07 INFO  o.s.b.a.h.H2ConsoleAutoConfiguration - H2 console available at '/h2-console'. Database available at 'jdbc:h2:mem:testdb'
2024-11-07 18:29:08 INFO  o.h.jpa.internal.util.LogHelper - HHH000204: Processing PersistenceUnitInfo [name: default]
2024-11-07 18:29:08 INFO  org.hibernate.Version - HHH000412: Hibernate ORM core version 6.5.3.Final
2024-11-07 18:29:08 INFO  o.h.c.i.RegionFactoryInitiator - HHH000026: Second-level cache disabled
2024-11-07 18:29:08 INFO  o.s.o.j.p.SpringPersistenceUnitInfo - No LoadTimeWeaver setup: ignoring JPA class transformer
2024-11-07 18:29:09 INFO  o.h.e.t.j.p.i.JtaPlatformInitiator - HHH000489: No JTA platform available (set 'hibernate.transaction.jta.platform' to enable JTA platform integration)
2024-11-07 18:29:09 INFO  o.s.o.j.LocalContainerEntityManagerFactoryBean - Initialized JPA EntityManagerFactory for persistence unit 'default'
2024-11-07 18:29:10 INFO  o.s.d.j.r.query.QueryEnhancerFactory - Hibernate is in classpath; If applicable, HQL parser will be used.
2024-11-07 18:29:11 WARN  o.s.b.a.o.j.JpaBaseConfiguration$JpaWebConfiguration - spring.jpa.open-in-view is enabled by default. Therefore, database queries may be performed during view rendering. Explicitly configure spring.jpa.open-in-view to disable this warning
2024-11-07 18:29:13 INFO  o.s.b.d.a.OptionalLiveReloadServer - LiveReload server is running on port 35729
2024-11-07 18:29:13 INFO  o.a.coyote.http11.Http11NioProtocol - Starting ProtocolHandler ["http-nio-8080"]
2024-11-07 18:29:13 INFO  o.s.b.w.e.tomcat.TomcatWebServer - Tomcat started on port 8080 (http) with context path '/'
2024-11-07 18:29:13 INFO  w.gatherMind.GatherMindApplication - Started GatherMindApplication in 9.274 seconds (process running for 9.687)
2024-11-07 18:29:29 INFO  o.a.c.c.C.[Tomcat].[localhost].[/] - Initializing Spring DispatcherServlet 'dispatcherServlet'
2024-11-07 18:29:29 INFO  o.s.web.servlet.DispatcherServlet - Initializing Servlet 'dispatcherServlet'
2024-11-07 18:29:29 INFO  o.s.web.servlet.DispatcherServlet - Completed initialization in 1 ms
2024-11-07 18:29:29 INFO  w.g.aop.RequestResponseLoggingAspect - Incoming request : GET /api/study/1/members
2024-11-07 18:29:29 INFO  w.g.aop.RequestResponseLoggingAspect - Handler method : StudyController.getStudyById(..)
2024-11-07 18:29:29 INFO  w.gatherMind.aop.LoggingAspect - Starting method: getStudyInfoWithMembers
2024-11-07 18:29:29 INFO  w.g.aop.RequestResponseLoggingAspect - Incoming request : GET /api/member/role
2024-11-07 18:29:29 INFO  w.g.aop.RequestResponseLoggingAspect - Handler method : MemberController.getMemberAndRoleByMemberId(..)
2024-11-07 18:29:29 INFO  w.gatherMind.aop.LoggingAspect - Starting method: getMemberAndRoleByMemberId
2024-11-07 18:29:29 INFO  w.gatherMind.aop.LoggingAspect - Completed method : getMemberAndRoleByMemberId in 134 ms
2024-11-07 18:29:29 INFO  w.g.aop.RequestResponseLoggingAspect - Handler method : MemberController.getMemberAndRoleByMemberId(..) comleted
2024-11-07 18:29:29 INFO  w.g.aop.RequestResponseLoggingAspect - Response : <200 OK OK,MemberAndStatusRoleDTO(memberId=member1, nickname=nickname1, role=Leader, status=Active),[]>
2024-11-07 18:29:29 INFO  w.gatherMind.aop.LoggingAspect - Completed method : getStudyInfoWithMembers in 167 ms
2024-11-07 18:29:29 INFO  w.g.aop.RequestResponseLoggingAspect - Handler method : StudyController.getStudyById(..) comleted
2024-11-07 18:29:29 INFO  w.g.aop.RequestResponseLoggingAspect - Response : <200 OK OK,woongjin.gatherMind.DTO.StudyWithMembersDTO@59fc96e4,[]>
2024-11-07 18:29:29 INFO  w.g.aop.RequestResponseLoggingAspect - Incoming request : GET /api/member/role
2024-11-07 18:29:29 INFO  w.g.aop.RequestResponseLoggingAspect - Handler method : MemberController.getMemberAndRoleByMemberId(..)
2024-11-07 18:29:29 INFO  w.gatherMind.aop.LoggingAspect - Starting method: getMemberAndRoleByMemberId
2024-11-07 18:29:29 INFO  w.gatherMind.aop.LoggingAspect - Completed method : getMemberAndRoleByMemberId in 5 ms
2024-11-07 18:29:29 INFO  w.g.aop.RequestResponseLoggingAspect - Handler method : MemberController.getMemberAndRoleByMemberId(..) comleted
2024-11-07 18:29:29 INFO  w.g.aop.RequestResponseLoggingAspect - Response : <200 OK OK,MemberAndStatusRoleDTO(memberId=member1, nickname=nickname1, role=Leader, status=Active),[]>
2024-11-07 18:29:29 INFO  w.g.aop.RequestResponseLoggingAspect - Incoming request : GET /api/study/1/members
2024-11-07 18:29:29 INFO  w.g.aop.RequestResponseLoggingAspect - Handler method : StudyController.getStudyById(..)
2024-11-07 18:29:29 INFO  w.gatherMind.aop.LoggingAspect - Starting method: getStudyInfoWithMembers
2024-11-07 18:29:29 INFO  w.gatherMind.aop.LoggingAspect - Completed method : getStudyInfoWithMembers in 4 ms
2024-11-07 18:29:29 INFO  w.g.aop.RequestResponseLoggingAspect - Handler method : StudyController.getStudyById(..) comleted
2024-11-07 18:29:29 INFO  w.g.aop.RequestResponseLoggingAspect - Response : <200 OK OK,woongjin.gatherMind.DTO.StudyWithMembersDTO@4638fef0,[]>
2024-11-07 18:31:09 INFO  w.g.aop.RequestResponseLoggingAspect - Incoming request : GET /api/study/1/members
2024-11-07 18:31:09 INFO  w.g.aop.RequestResponseLoggingAspect - Incoming request : GET /api/member/role
2024-11-07 18:31:09 INFO  w.g.aop.RequestResponseLoggingAspect - Handler method : StudyController.getStudyById(..)
2024-11-07 18:31:09 INFO  w.g.aop.RequestResponseLoggingAspect - Handler method : MemberController.getMemberAndRoleByMemberId(..)
2024-11-07 18:31:09 INFO  w.gatherMind.aop.LoggingAspect - Starting method: getStudyInfoWithMembers
2024-11-07 18:31:09 INFO  w.gatherMind.aop.LoggingAspect - Starting method: getMemberAndRoleByMemberId
2024-11-07 18:31:09 INFO  w.gatherMind.aop.LoggingAspect - Completed method : getMemberAndRoleByMemberId in 1 ms
2024-11-07 18:31:09 INFO  w.g.aop.RequestResponseLoggingAspect - Handler method : MemberController.getMemberAndRoleByMemberId(..) comleted
2024-11-07 18:31:09 INFO  w.g.aop.RequestResponseLoggingAspect - Response : <200 OK OK,MemberAndStatusRoleDTO(memberId=member1, nickname=nickname1, role=Leader, status=Active),[]>
2024-11-07 18:31:09 INFO  w.gatherMind.aop.LoggingAspect - Completed method : getStudyInfoWithMembers in 3 ms
2024-11-07 18:31:09 INFO  w.g.aop.RequestResponseLoggingAspect - Handler method : StudyController.getStudyById(..) comleted
2024-11-07 18:31:09 INFO  w.g.aop.RequestResponseLoggingAspect - Response : <200 OK OK,woongjin.gatherMind.DTO.StudyWithMembersDTO@5983346c,[]>
2024-11-07 18:31:12 INFO  w.g.aop.RequestResponseLoggingAspect - Incoming request : GET /api/study/1/schedules
2024-11-07 18:31:12 INFO  w.g.aop.RequestResponseLoggingAspect - Handler method : StudyController.getSchedules(..)
2024-11-07 18:31:12 INFO  w.gatherMind.aop.LoggingAspect - Starting method: getScheduleByStudyId
2024-11-07 18:31:12 INFO  w.gatherMind.aop.LoggingAspect - Completed method : getScheduleByStudyId in 2 ms
2024-11-07 18:31:12 INFO  w.g.aop.RequestResponseLoggingAspect - Handler method : StudyController.getSchedules(..) comleted
2024-11-07 18:31:12 INFO  w.g.aop.RequestResponseLoggingAspect - Response : <200 OK OK,[ScheduleDTO(scheduleId=1, title=Schedule 1, description=Description 1, scheduleTime=2024-11-08T18:29:22.246814, location=Location 1), ScheduleDTO(scheduleId=2, title=Schedule 2, description=Description 2, scheduleTime=2024-11-09T18:29:22.246814, location=Location 2), ScheduleDTO(scheduleId=3, title=Schedule 3, description=Description 3, scheduleTime=2024-11-10T18:29:22.246814, location=Location 3), ScheduleDTO(scheduleId=4, title=Schedule 4, description=Description 4, scheduleTime=2024-11-11T18:29:22.246814, location=Location 4), ScheduleDTO(scheduleId=5, title=Schedule 5, description=Description 5, scheduleTime=2024-11-12T18:29:22.246814, location=Location 5), ScheduleDTO(scheduleId=6, title=Schedule 6, description=Description 6, scheduleTime=2024-11-13T18:29:22.246814, location=Location 6), ScheduleDTO(scheduleId=14, title=Schedule 14, description=Description 14, scheduleTime=2024-11-21T18:29:22.246814, location=Location 14), ScheduleDTO(scheduleId=15, title=Schedule 15, description=Description 15, scheduleTime=2024-11-22T18:29:22.246814, location=Location 15)],[]>
2024-11-07 18:31:12 INFO  w.g.aop.RequestResponseLoggingAspect - Incoming request : GET /api/study/1/schedules
2024-11-07 18:31:12 INFO  w.g.aop.RequestResponseLoggingAspect - Handler method : StudyController.getSchedules(..)
2024-11-07 18:31:12 INFO  w.gatherMind.aop.LoggingAspect - Starting method: getScheduleByStudyId
2024-11-07 18:31:12 INFO  w.gatherMind.aop.LoggingAspect - Completed method : getScheduleByStudyId in 1 ms
2024-11-07 18:31:12 INFO  w.g.aop.RequestResponseLoggingAspect - Handler method : StudyController.getSchedules(..) comleted
2024-11-07 18:31:12 INFO  w.g.aop.RequestResponseLoggingAspect - Response : <200 OK OK,[ScheduleDTO(scheduleId=1, title=Schedule 1, description=Description 1, scheduleTime=2024-11-08T18:29:22.246814, location=Location 1), ScheduleDTO(scheduleId=2, title=Schedule 2, description=Description 2, scheduleTime=2024-11-09T18:29:22.246814, location=Location 2), ScheduleDTO(scheduleId=3, title=Schedule 3, description=Description 3, scheduleTime=2024-11-10T18:29:22.246814, location=Location 3), ScheduleDTO(scheduleId=4, title=Schedule 4, description=Description 4, scheduleTime=2024-11-11T18:29:22.246814, location=Location 4), ScheduleDTO(scheduleId=5, title=Schedule 5, description=Description 5, scheduleTime=2024-11-12T18:29:22.246814, location=Location 5), ScheduleDTO(scheduleId=6, title=Schedule 6, description=Description 6, scheduleTime=2024-11-13T18:29:22.246814, location=Location 6), ScheduleDTO(scheduleId=14, title=Schedule 14, description=Description 14, scheduleTime=2024-11-21T18:29:22.246814, location=Location 14), ScheduleDTO(scheduleId=15, title=Schedule 15, description=Description 15, scheduleTime=2024-11-22T18:29:22.246814, location=Location 15)],[]>
2024-11-07 18:31:12 INFO  w.g.aop.RequestResponseLoggingAspect - Incoming request : GET /api/study/1/members/boards
2024-11-07 18:31:12 INFO  w.g.aop.RequestResponseLoggingAspect - Handler method : StudyController.getMemberByStudyId(..)
2024-11-07 18:31:12 INFO  w.gatherMind.aop.LoggingAspect - Starting method: getMembersAndBoard
2024-11-07 18:31:12 INFO  w.gatherMind.aop.LoggingAspect - Completed method : getMembersAndBoard in 3 ms
2024-11-07 18:31:12 INFO  w.g.aop.RequestResponseLoggingAspect - Handler method : StudyController.getMemberByStudyId(..) comleted
2024-11-07 18:31:12 INFO  w.g.aop.RequestResponseLoggingAspect - Response : <200 OK OK,woongjin.gatherMind.DTO.MemberAndBoardDTO@2304cc58,[]>
2024-11-07 18:31:12 INFO  w.g.aop.RequestResponseLoggingAspect - Incoming request : GET /api/study/1/members/boards
2024-11-07 18:31:12 INFO  w.g.aop.RequestResponseLoggingAspect - Handler method : StudyController.getMemberByStudyId(..)
2024-11-07 18:31:12 INFO  w.gatherMind.aop.LoggingAspect - Starting method: getMembersAndBoard
2024-11-07 18:31:12 INFO  w.gatherMind.aop.LoggingAspect - Completed method : getMembersAndBoard in 3 ms
2024-11-07 18:31:12 INFO  w.g.aop.RequestResponseLoggingAspect - Handler method : StudyController.getMemberByStudyId(..) comleted
2024-11-07 18:31:12 INFO  w.g.aop.RequestResponseLoggingAspect - Response : <200 OK OK,woongjin.gatherMind.DTO.MemberAndBoardDTO@7851e9e,[]>
2024-11-07 18:31:14 INFO  w.g.aop.RequestResponseLoggingAspect - Incoming request : GET /api/member/role
2024-11-07 18:31:14 INFO  w.g.aop.RequestResponseLoggingAspect - Incoming request : GET /api/study/1/members
2024-11-07 18:31:14 INFO  w.g.aop.RequestResponseLoggingAspect - Handler method : MemberController.getMemberAndRoleByMemberId(..)
2024-11-07 18:31:14 INFO  w.g.aop.RequestResponseLoggingAspect - Handler method : StudyController.getStudyById(..)
2024-11-07 18:31:14 INFO  w.gatherMind.aop.LoggingAspect - Starting method: getMemberAndRoleByMemberId
2024-11-07 18:31:14 INFO  w.gatherMind.aop.LoggingAspect - Starting method: getStudyInfoWithMembers
2024-11-07 18:31:14 INFO  w.gatherMind.aop.LoggingAspect - Completed method : getMemberAndRoleByMemberId in 2 ms
2024-11-07 18:31:14 INFO  w.g.aop.RequestResponseLoggingAspect - Handler method : MemberController.getMemberAndRoleByMemberId(..) comleted
2024-11-07 18:31:14 INFO  w.g.aop.RequestResponseLoggingAspect - Response : <200 OK OK,MemberAndStatusRoleDTO(memberId=member1, nickname=nickname1, role=Leader, status=Active),[]>
2024-11-07 18:31:14 INFO  w.g.aop.RequestResponseLoggingAspect - Incoming request : GET /api/member/role
2024-11-07 18:31:14 INFO  w.g.aop.RequestResponseLoggingAspect - Handler method : MemberController.getMemberAndRoleByMemberId(..)
2024-11-07 18:31:14 INFO  w.gatherMind.aop.LoggingAspect - Starting method: getMemberAndRoleByMemberId
2024-11-07 18:31:14 INFO  w.gatherMind.aop.LoggingAspect - Completed method : getMemberAndRoleByMemberId in 1 ms
2024-11-07 18:31:14 INFO  w.gatherMind.aop.LoggingAspect - Completed method : getStudyInfoWithMembers in 7 ms
2024-11-07 18:31:14 INFO  w.g.aop.RequestResponseLoggingAspect - Handler method : MemberController.getMemberAndRoleByMemberId(..) comleted
2024-11-07 18:31:14 INFO  w.g.aop.RequestResponseLoggingAspect - Handler method : StudyController.getStudyById(..) comleted
2024-11-07 18:31:14 INFO  w.g.aop.RequestResponseLoggingAspect - Response : <200 OK OK,MemberAndStatusRoleDTO(memberId=member1, nickname=nickname1, role=Leader, status=Active),[]>
2024-11-07 18:31:14 INFO  w.g.aop.RequestResponseLoggingAspect - Response : <200 OK OK,woongjin.gatherMind.DTO.StudyWithMembersDTO@7d4db981,[]>
2024-11-07 18:31:14 INFO  w.g.aop.RequestResponseLoggingAspect - Incoming request : GET /api/study/1/members
2024-11-07 18:31:14 INFO  w.g.aop.RequestResponseLoggingAspect - Handler method : StudyController.getStudyById(..)
2024-11-07 18:31:14 INFO  w.gatherMind.aop.LoggingAspect - Starting method: getStudyInfoWithMembers
2024-11-07 18:31:14 INFO  w.gatherMind.aop.LoggingAspect - Completed method : getStudyInfoWithMembers in 4 ms
2024-11-07 18:31:14 INFO  w.g.aop.RequestResponseLoggingAspect - Handler method : StudyController.getStudyById(..) comleted
2024-11-07 18:31:14 INFO  w.g.aop.RequestResponseLoggingAspect - Response : <200 OK OK,woongjin.gatherMind.DTO.StudyWithMembersDTO@6cd14892,[]>
2024-11-07 18:31:20 INFO  w.g.aop.RequestResponseLoggingAspect - Incoming request : GET /api/study/1/schedules
2024-11-07 18:31:20 INFO  w.g.aop.RequestResponseLoggingAspect - Handler method : StudyController.getSchedules(..)
2024-11-07 18:31:20 INFO  w.gatherMind.aop.LoggingAspect - Starting method: getScheduleByStudyId
2024-11-07 18:31:20 INFO  w.gatherMind.aop.LoggingAspect - Completed method : getScheduleByStudyId in 1 ms
2024-11-07 18:31:20 INFO  w.g.aop.RequestResponseLoggingAspect - Handler method : StudyController.getSchedules(..) comleted
2024-11-07 18:31:20 INFO  w.g.aop.RequestResponseLoggingAspect - Response : <200 OK OK,[ScheduleDTO(scheduleId=1, title=Schedule 1, description=Description 1, scheduleTime=2024-11-08T18:29:22.246814, location=Location 1), ScheduleDTO(scheduleId=2, title=Schedule 2, description=Description 2, scheduleTime=2024-11-09T18:29:22.246814, location=Location 2), ScheduleDTO(scheduleId=3, title=Schedule 3, description=Description 3, scheduleTime=2024-11-10T18:29:22.246814, location=Location 3), ScheduleDTO(scheduleId=4, title=Schedule 4, description=Description 4, scheduleTime=2024-11-11T18:29:22.246814, location=Location 4), ScheduleDTO(scheduleId=5, title=Schedule 5, description=Description 5, scheduleTime=2024-11-12T18:29:22.246814, location=Location 5), ScheduleDTO(scheduleId=6, title=Schedule 6, description=Description 6, scheduleTime=2024-11-13T18:29:22.246814, location=Location 6), ScheduleDTO(scheduleId=14, title=Schedule 14, description=Description 14, scheduleTime=2024-11-21T18:29:22.246814, location=Location 14), ScheduleDTO(scheduleId=15, title=Schedule 15, description=Description 15, scheduleTime=2024-11-22T18:29:22.246814, location=Location 15)],[]>
2024-11-07 18:31:20 INFO  w.g.aop.RequestResponseLoggingAspect - Incoming request : GET /api/study/1/schedules
2024-11-07 18:31:20 INFO  w.g.aop.RequestResponseLoggingAspect - Handler method : StudyController.getSchedules(..)
2024-11-07 18:31:20 INFO  w.gatherMind.aop.LoggingAspect - Starting method: getScheduleByStudyId
2024-11-07 18:31:20 INFO  w.gatherMind.aop.LoggingAspect - Completed method : getScheduleByStudyId in 2 ms
2024-11-07 18:31:20 INFO  w.g.aop.RequestResponseLoggingAspect - Handler method : StudyController.getSchedules(..) comleted
2024-11-07 18:31:20 INFO  w.g.aop.RequestResponseLoggingAspect - Response : <200 OK OK,[ScheduleDTO(scheduleId=1, title=Schedule 1, description=Description 1, scheduleTime=2024-11-08T18:29:22.246814, location=Location 1), ScheduleDTO(scheduleId=2, title=Schedule 2, description=Description 2, scheduleTime=2024-11-09T18:29:22.246814, location=Location 2), ScheduleDTO(scheduleId=3, title=Schedule 3, description=Description 3, scheduleTime=2024-11-10T18:29:22.246814, location=Location 3), ScheduleDTO(scheduleId=4, title=Schedule 4, description=Description 4, scheduleTime=2024-11-11T18:29:22.246814, location=Location 4), ScheduleDTO(scheduleId=5, title=Schedule 5, description=Description 5, scheduleTime=2024-11-12T18:29:22.246814, location=Location 5), ScheduleDTO(scheduleId=6, title=Schedule 6, description=Description 6, scheduleTime=2024-11-13T18:29:22.246814, location=Location 6), ScheduleDTO(scheduleId=14, title=Schedule 14, description=Description 14, scheduleTime=2024-11-21T18:29:22.246814, location=Location 14), ScheduleDTO(scheduleId=15, title=Schedule 15, description=Description 15, scheduleTime=2024-11-22T18:29:22.246814, location=Location 15)],[]>
2024-11-07 18:31:21 INFO  w.g.aop.RequestResponseLoggingAspect - Incoming request : GET /api/study/1/members/boards
2024-11-07 18:31:21 INFO  w.g.aop.RequestResponseLoggingAspect - Handler method : StudyController.getMemberByStudyId(..)
2024-11-07 18:31:21 INFO  w.gatherMind.aop.LoggingAspect - Starting method: getMembersAndBoard
2024-11-07 18:31:21 INFO  w.gatherMind.aop.LoggingAspect - Completed method : getMembersAndBoard in 3 ms
2024-11-07 18:31:21 INFO  w.g.aop.RequestResponseLoggingAspect - Handler method : StudyController.getMemberByStudyId(..) comleted
2024-11-07 18:31:21 INFO  w.g.aop.RequestResponseLoggingAspect - Response : <200 OK OK,woongjin.gatherMind.DTO.MemberAndBoardDTO@230f50b8,[]>
2024-11-07 18:31:21 INFO  w.g.aop.RequestResponseLoggingAspect - Incoming request : GET /api/study/1/members/boards
2024-11-07 18:31:21 INFO  w.g.aop.RequestResponseLoggingAspect - Handler method : StudyController.getMemberByStudyId(..)
2024-11-07 18:31:21 INFO  w.gatherMind.aop.LoggingAspect - Starting method: getMembersAndBoard
2024-11-07 18:31:21 INFO  w.gatherMind.aop.LoggingAspect - Completed method : getMembersAndBoard in 3 ms
2024-11-07 18:31:21 INFO  w.g.aop.RequestResponseLoggingAspect - Handler method : StudyController.getMemberByStudyId(..) comleted
2024-11-07 18:31:21 INFO  w.g.aop.RequestResponseLoggingAspect - Response : <200 OK OK,woongjin.gatherMind.DTO.MemberAndBoardDTO@48d2daf,[]>
